<?xml version="1.0" encoding="UTF-8"?>
<testsuite xmlns:xsi="http://www.w3.org/2001/XMLSchema-instance" xsi:noNamespaceSchemaLocation="https://maven.apache.org/surefire/maven-surefire-plugin/xsd/surefire-test-report-3.0.xsd" version="3.0" name="com.example.defi.MinimalSpringApplicationTests" time="7.832" tests="1" errors="0" skipped="0" failures="0">
  <properties>
[...]
</properties>
  <testcase name="contextLoads" classname="com.example.defi.MinimalSpringApplicationTests" time="0.687">
    <system-out><![CDATA[18:44:46.236 [main] INFO org.springframework.test.context.support.AnnotationConfigContextLoaderUtils -- Could not detect default configuration classes for test class [com.example.defi.MinimalSpringApplicationTests]: MinimalSpringApplicationTests does not declare any static, non-private, non-final, nested classes annotated with @Configuration.
18:44:46.462 [main] INFO org.springframework.boot.test.context.SpringBootTestContextBootstrapper -- Found @SpringBootConfiguration com.example.defi.DefiBackendApplication for test class com.example.defi.MinimalSpringApplicationTests
18:44:46.940 [main] INFO org.springframework.boot.devtools.restart.RestartApplicationListener -- Restart disabled due to context in which it is running

  .   ____          _            __ _ _
 /\\ / ___'_ __ _ _(_)_ __  __ _ \ \ \ \
( ( )\___ | '_ | '_| | '_ \/ _` | \ \ \ \
 \\/  ___)| |_)| | | | | || (_| |  ) ) ) )
  '  |____| .__|_| |_|_| |_\__, | / / / /
 =========|_|==============|___/=/_/_/_/

 :: Spring Boot ::                (v3.3.5)

2025-11-12T18:44:47.314+01:00  INFO 20212 --- [defi-backend] [           main] c.e.defi.MinimalSpringApplicationTests   : Starting MinimalSpringApplicationTests using Java 17.0.12 with PID 20212 (started by kawta in C:\Users\kawta\OneDrive\Desktop\DEFI_EMSI\Defi)
2025-11-12T18:44:47.316+01:00  INFO 20212 --- [defi-backend] [           main] c.e.defi.MinimalSpringApplicationTests   : No active profile set, falling back to 1 default profile: "default"
2025-11-12T18:44:48.337+01:00  INFO 20212 --- [defi-backend] [           main] .s.d.r.c.RepositoryConfigurationDelegate : Bootstrapping Spring Data JPA repositories in DEFAULT mode.
2025-11-12T18:44:48.467+01:00  INFO 20212 --- [defi-backend] [           main] .s.d.r.c.RepositoryConfigurationDelegate : Finished Spring Data repository scanning in 118 ms. Found 6 JPA repository interfaces.
2025-11-12T18:44:49.136+01:00  INFO 20212 --- [defi-backend] [           main] o.hibernate.jpa.internal.util.LogHelper  : HHH000204: Processing PersistenceUnitInfo [name: default]
2025-11-12T18:44:49.259+01:00  INFO 20212 --- [defi-backend] [           main] org.hibernate.Version                    : HHH000412: Hibernate ORM core version 6.5.3.Final
2025-11-12T18:44:49.334+01:00  INFO 20212 --- [defi-backend] [           main] o.h.c.internal.RegionFactoryInitiator    : HHH000026: Second-level cache disabled
2025-11-12T18:44:49.948+01:00  INFO 20212 --- [defi-backend] [           main] o.s.o.j.p.SpringPersistenceUnitInfo      : No LoadTimeWeaver setup: ignoring JPA class transformer
2025-11-12T18:44:50.014+01:00  INFO 20212 --- [defi-backend] [           main] com.zaxxer.hikari.HikariDataSource       : HikariPool-1 - Starting...
2025-11-12T18:44:50.263+01:00  INFO 20212 --- [defi-backend] [           main] com.zaxxer.hikari.pool.HikariPool        : HikariPool-1 - Added connection org.postgresql.jdbc.PgConnection@67b5e613
2025-11-12T18:44:50.265+01:00  INFO 20212 --- [defi-backend] [           main] com.zaxxer.hikari.HikariDataSource       : HikariPool-1 - Start completed.
2025-11-12T18:44:50.333+01:00  WARN 20212 --- [defi-backend] [           main] org.hibernate.orm.deprecation            : HHH90000025: PostgreSQLDialect does not need to be specified explicitly using 'hibernate.dialect' (remove the property setting and it will be selected by default)
2025-11-12T18:44:51.808+01:00  INFO 20212 --- [defi-backend] [           main] o.h.e.t.j.p.i.JtaPlatformInitiator       : HHH000489: No JTA platform available (set 'hibernate.transaction.jta.platform' to enable JTA platform integration)
Hibernate: 
    create table alert (
        id bigint not null,
        is_read boolean not null,
        message varchar(255),
        timestamp timestamp(6) with time zone,
        clinic_id bigint,
        patient_id bigint,
        primary key (id)
    )
Hibernate: 
    create table alert_history (
        idahistory bigint generated by default as identity,
        alert_id bigint,
        clinic_id bigint,
        patient_id bigint,
        primary key (idahistory)
    )
Hibernate: 
    create table clinic (
        id bigint generated by default as identity,
        address varchar(255),
        license_number varchar(255),
        name varchar(255),
        primary key (id)
    )
Hibernate: 
    create table patient (
        id bigint generated by default as identity,
        cin varchar(255),
        address varchar(255),
        first_name varchar(255),
        last_name varchar(255),
        wallet varchar(255),
        primary key (id)
    )
Hibernate: 
    create table payment_history (
        idphistory bigint generated by default as identity,
        clinic_id bigint,
        payment_request_id varchar(255),
        primary key (idphistory)
    )
Hibernate: 
    create table payment_request (
        request_id varchar(255) not null,
        amount_due numeric(38,2),
        created_at timestamp(6) with time zone,
        paid_at timestamp(6) with time zone,
        service_code varchar(255),
        service_description varchar(255),
        status varchar(255) check (status in ('PAID','UNPAID')),
        token varchar(255),
        transaction_hash varchar(255),
        clinic_id bigint,
        patient_id bigint,
        primary key (request_id)
    )
Hibernate: 
    alter table if exists alert 
       add constraint FKjbgu1pfoto42y3rqwxxjd2o4y 
       foreign key (clinic_id) 
       references clinic
Hibernate: 
    alter table if exists alert 
       add constraint FKmkv578w7sv5lq36fq7iwwwu8p 
       foreign key (patient_id) 
       references patient
Hibernate: 
    alter table if exists alert_history 
       add constraint FKq5qeba4fpjuuhfuaven27w8r9 
       foreign key (alert_id) 
       references alert
Hibernate: 
    alter table if exists alert_history 
       add constraint FKnwm6girohv4otd1p5huahx3au 
       foreign key (clinic_id) 
       references clinic
Hibernate: 
    alter table if exists alert_history 
       add constraint FKd46xtwvre0qrrxsbttkq30992 
       foreign key (patient_id) 
       references patient
Hibernate: 
    alter table if exists payment_history 
       add constraint FKf9ny0qdc0a24be5c8g5u7d9ko 
       foreign key (clinic_id) 
       references clinic
Hibernate: 
    alter table if exists payment_history 
       add constraint FKkayuby3smbcd64a6r4k5dyytr 
       foreign key (payment_request_id) 
       references payment_request
Hibernate: 
    alter table if exists payment_request 
       add constraint FKdve30suj7etsjtd3u02m254it 
       foreign key (clinic_id) 
       references clinic
Hibernate: 
    alter table if exists payment_request 
       add constraint FK3y745mngswa0f2l6j7uk98k4y 
       foreign key (patient_id) 
       references patient
2025-11-12T18:44:51.970+01:00  INFO 20212 --- [defi-backend] [           main] j.LocalContainerEntityManagerFactoryBean : Initialized JPA EntityManagerFactory for persistence unit 'default'
2025-11-12T18:44:52.608+01:00  WARN 20212 --- [defi-backend] [           main] JpaBaseConfiguration$JpaWebConfiguration : spring.jpa.open-in-view is enabled by default. Therefore, database queries may be performed during view rendering. Explicitly configure spring.jpa.open-in-view to disable this warning
2025-11-12T18:44:53.129+01:00  INFO 20212 --- [defi-backend] [           main] c.e.defi.MinimalSpringApplicationTests   : Started MinimalSpringApplicationTests in 6.216 seconds (process running for 7.782)
]]></system-out>
  </testcase>
</testsuite>